<?xml version="1.0" encoding="UTF-8"?>
<testsuite xmlns:xsi="http://www.w3.org/2001/XMLSchema-instance" xsi:noNamespaceSchemaLocation="https://maven.apache.org/surefire/maven-surefire-plugin/xsd/surefire-test-report.xsd" name="com.group3sc2.cyactivity.repository.ReportTypeRepositoryTest" time="5.325" tests="2" errors="2" skipped="0" failures="0">
  <properties>
[...]
</properties>
  <testcase name="addRepoType{ReportType}" classname="com.group3sc2.cyactivity.repository.ReportTypeRepositoryTest" time="0.141">
    <error message="No ParameterResolver registered for parameter [com.group3sc2.cyactivity.model.ReportType r] in method [public void com.group3sc2.cyactivity.repository.ReportTypeRepositoryTest.addRepoType(com.group3sc2.cyactivity.model.ReportType)]." type="org.junit.jupiter.api.extension.ParameterResolutionException">org.junit.jupiter.api.extension.ParameterResolutionException: No ParameterResolver registered for parameter [com.group3sc2.cyactivity.model.ReportType r] in method [public void com.group3sc2.cyactivity.repository.ReportTypeRepositoryTest.addRepoType(com.group3sc2.cyactivity.model.ReportType)].
</error>
    <system-out><![CDATA[15:27:15.925 [main] DEBUG org.springframework.test.context.BootstrapUtils - Instantiating CacheAwareContextLoaderDelegate from class [org.springframework.test.context.cache.DefaultCacheAwareContextLoaderDelegate]
15:27:15.934 [main] DEBUG org.springframework.test.context.BootstrapUtils - Instantiating BootstrapContext using constructor [public org.springframework.test.context.support.DefaultBootstrapContext(java.lang.Class,org.springframework.test.context.CacheAwareContextLoaderDelegate)]
15:27:15.965 [main] DEBUG org.springframework.test.context.BootstrapUtils - Instantiating TestContextBootstrapper for test class [com.group3sc2.cyactivity.repository.ReportTypeRepositoryTest] from class [org.springframework.boot.test.context.SpringBootTestContextBootstrapper]
15:27:15.976 [main] INFO org.springframework.boot.test.context.SpringBootTestContextBootstrapper - Neither @ContextConfiguration nor @ContextHierarchy found for test class [com.group3sc2.cyactivity.repository.ReportTypeRepositoryTest], using SpringBootContextLoader
15:27:15.979 [main] DEBUG org.springframework.test.context.support.AbstractContextLoader - Did not detect default resource location for test class [com.group3sc2.cyactivity.repository.ReportTypeRepositoryTest]: class path resource [com/group3sc2/cyactivity/repository/ReportTypeRepositoryTest-context.xml] does not exist
15:27:15.979 [main] DEBUG org.springframework.test.context.support.AbstractContextLoader - Did not detect default resource location for test class [com.group3sc2.cyactivity.repository.ReportTypeRepositoryTest]: class path resource [com/group3sc2/cyactivity/repository/ReportTypeRepositoryTestContext.groovy] does not exist
15:27:15.979 [main] INFO org.springframework.test.context.support.AbstractContextLoader - Could not detect default resource locations for test class [com.group3sc2.cyactivity.repository.ReportTypeRepositoryTest]: no resource found for suffixes {-context.xml, Context.groovy}.
15:27:15.979 [main] INFO org.springframework.test.context.support.AnnotationConfigContextLoaderUtils - Could not detect default configuration classes for test class [com.group3sc2.cyactivity.repository.ReportTypeRepositoryTest]: ReportTypeRepositoryTest does not declare any static, non-private, non-final, nested classes annotated with @Configuration.
15:27:16.021 [main] DEBUG org.springframework.test.context.support.ActiveProfilesUtils - Could not find an 'annotation declaring class' for annotation type [org.springframework.test.context.ActiveProfiles] and class [com.group3sc2.cyactivity.repository.ReportTypeRepositoryTest]
15:27:16.073 [main] DEBUG org.springframework.context.annotation.ClassPathScanningCandidateComponentProvider - Identified candidate component class: file [/Users/yannickfumukani/Documents/ISU/Fall-2021/COMS309_Java/3_sc_2/Backend/target/classes/com/group3sc2/cyactivity/CyactivityApplication.class]
15:27:16.074 [main] INFO org.springframework.boot.test.context.SpringBootTestContextBootstrapper - Found @SpringBootConfiguration com.group3sc2.cyactivity.CyactivityApplication for test class com.group3sc2.cyactivity.repository.ReportTypeRepositoryTest
15:27:16.145 [main] DEBUG org.springframework.boot.test.context.SpringBootTestContextBootstrapper - @TestExecutionListeners is not present for class [com.group3sc2.cyactivity.repository.ReportTypeRepositoryTest]: using defaults.
15:27:16.146 [main] INFO org.springframework.boot.test.context.SpringBootTestContextBootstrapper - Loaded default TestExecutionListener class names from location [META-INF/spring.factories]: [org.springframework.security.test.context.support.WithSecurityContextTestExecutionListener, org.springframework.security.test.context.support.ReactorContextTestExecutionListener, org.springframework.test.context.web.ServletTestExecutionListener, org.springframework.test.context.support.DirtiesContextBeforeModesTestExecutionListener, org.springframework.test.context.event.ApplicationEventsTestExecutionListener, org.springframework.test.context.support.DependencyInjectionTestExecutionListener, org.springframework.test.context.support.DirtiesContextTestExecutionListener, org.springframework.test.context.transaction.TransactionalTestExecutionListener, org.springframework.test.context.jdbc.SqlScriptsTestExecutionListener, org.springframework.test.context.event.EventPublishingTestExecutionListener, org.springframework.boot.test.mock.mockito.MockitoTestExecutionListener, org.springframework.boot.test.mock.mockito.ResetMocksTestExecutionListener, org.springframework.boot.test.autoconfigure.restdocs.RestDocsTestExecutionListener, org.springframework.boot.test.autoconfigure.web.client.MockRestServiceServerResetTestExecutionListener, org.springframework.boot.test.autoconfigure.web.servlet.MockMvcPrintOnlyOnFailureTestExecutionListener, org.springframework.boot.test.autoconfigure.web.servlet.WebDriverTestExecutionListener, org.springframework.boot.test.autoconfigure.webservices.client.MockWebServiceServerTestExecutionListener]
15:27:16.166 [main] INFO org.springframework.boot.test.context.SpringBootTestContextBootstrapper - Using TestExecutionListeners: [org.springframework.test.context.web.ServletTestExecutionListener@9573584, org.springframework.test.context.support.DirtiesContextBeforeModesTestExecutionListener@3370f42, org.springframework.test.context.event.ApplicationEventsTestExecutionListener@6057aebb, org.springframework.boot.test.mock.mockito.MockitoTestExecutionListener@63eef88a, org.springframework.boot.test.autoconfigure.SpringBootDependencyInjectionTestExecutionListener@53251a66, org.springframework.test.context.support.DirtiesContextTestExecutionListener@6853425f, org.springframework.test.context.transaction.TransactionalTestExecutionListener@352c1b98, org.springframework.test.context.jdbc.SqlScriptsTestExecutionListener@21129f1f, org.springframework.security.test.context.support.WithSecurityContextTestExecutionListener@5a9f4771, org.springframework.test.context.event.EventPublishingTestExecutionListener@282cb7c7, org.springframework.security.test.context.support.ReactorContextTestExecutionListener@7d898981, org.springframework.boot.test.mock.mockito.ResetMocksTestExecutionListener@48d61b48, org.springframework.boot.test.autoconfigure.restdocs.RestDocsTestExecutionListener@68d279ec, org.springframework.boot.test.autoconfigure.web.client.MockRestServiceServerResetTestExecutionListener@258d79be, org.springframework.boot.test.autoconfigure.web.servlet.MockMvcPrintOnlyOnFailureTestExecutionListener@14f9390f, org.springframework.boot.test.autoconfigure.web.servlet.WebDriverTestExecutionListener@6c0d7c83, org.springframework.boot.test.autoconfigure.webservices.client.MockWebServiceServerTestExecutionListener@176b75f7]
15:27:16.170 [main] DEBUG org.springframework.test.context.support.AbstractDirtiesContextTestExecutionListener - Before test class: context [DefaultTestContext@68dc098b testClass = ReportTypeRepositoryTest, testInstance = [null], testMethod = [null], testException = [null], mergedContextConfiguration = [WebMergedContextConfiguration@38ba6ce3 testClass = ReportTypeRepositoryTest, locations = '{}', classes = '{class com.group3sc2.cyactivity.CyactivityApplication}', contextInitializerClasses = '[]', activeProfiles = '{}', propertySourceLocations = '{}', propertySourceProperties = '{org.springframework.boot.test.context.SpringBootTestContextBootstrapper=true}', contextCustomizers = set[org.springframework.boot.test.context.filter.ExcludeFilterContextCustomizer@68e965f5, org.springframework.boot.test.json.DuplicateJsonObjectContextCustomizerFactory$DuplicateJsonObjectContextCustomizer@f381794, org.springframework.boot.test.mock.mockito.MockitoContextCustomizer@0, org.springframework.boot.test.web.client.TestRestTemplateContextCustomizer@5fa07e12, org.springframework.boot.test.autoconfigure.actuate.metrics.MetricsExportContextCustomizerFactory$DisableMetricExportContextCustomizer@6a370f4, org.springframework.boot.test.autoconfigure.properties.PropertyMappingContextCustomizer@0, org.springframework.boot.test.autoconfigure.web.servlet.WebDriverContextCustomizerFactory$Customizer@e7edb54, org.springframework.boot.test.context.SpringBootTestArgs@1, org.springframework.boot.test.context.SpringBootTestWebEnvironment@23e028a9], resourceBasePath = 'src/main/webapp', contextLoader = 'org.springframework.boot.test.context.SpringBootContextLoader', parent = [null]], attributes = map['org.springframework.test.context.web.ServletTestExecutionListener.activateListener' -> true]], class annotated with @DirtiesContext [false] with mode [null].
15:27:16.196 [main] DEBUG org.springframework.test.context.support.TestPropertySourceUtils - Adding inlined properties to environment: {spring.jmx.enabled=false, org.springframework.boot.test.context.SpringBootTestContextBootstrapper=true}

  .   ____          _            __ _ _
 /\\ / ___'_ __ _ _(_)_ __  __ _ \ \ \ \
( ( )\___ | '_ | '_| | '_ \/ _` | \ \ \ \
 \\/  ___)| |_)| | | | | || (_| |  ) ) ) )
  '  |____| .__|_| |_|_| |_\__, | / / / /
 =========|_|==============|___/=/_/_/_/
 :: Spring Boot ::                (v2.5.5)

2021-11-08 15:27:16.570  INFO 66175 --- [           main] c.g.c.r.ReportTypeRepositoryTest         : Starting ReportTypeRepositoryTest using Java 17 on Yannicks-MacBook-Pro.local with PID 66175 (started by yannickfumukani in /Users/yannickfumukani/Documents/ISU/Fall-2021/COMS309_Java/3_sc_2/Backend)
2021-11-08 15:27:16.572  INFO 66175 --- [           main] c.g.c.r.ReportTypeRepositoryTest         : No active profile set, falling back to default profiles: default
2021-11-08 15:27:17.151  INFO 66175 --- [           main] .s.d.r.c.RepositoryConfigurationDelegate : Bootstrapping Spring Data JPA repositories in DEFAULT mode.
2021-11-08 15:27:17.214  INFO 66175 --- [           main] .s.d.r.c.RepositoryConfigurationDelegate : Finished Spring Data repository scanning in 58 ms. Found 6 JPA repository interfaces.
2021-11-08 15:27:17.516  INFO 66175 --- [           main] trationDelegate$BeanPostProcessorChecker : Bean 'org.springframework.security.access.expression.method.DefaultMethodSecurityExpressionHandler@5e1dde44' of type [org.springframework.security.access.expression.method.DefaultMethodSecurityExpressionHandler] is not eligible for getting processed by all BeanPostProcessors (for example: not eligible for auto-proxying)
2021-11-08 15:27:17.524  INFO 66175 --- [           main] trationDelegate$BeanPostProcessorChecker : Bean 'methodSecurityMetadataSource' of type [org.springframework.security.access.method.DelegatingMethodSecurityMetadataSource] is not eligible for getting processed by all BeanPostProcessors (for example: not eligible for auto-proxying)
2021-11-08 15:27:17.726  INFO 66175 --- [           main] o.hibernate.jpa.internal.util.LogHelper  : HHH000204: Processing PersistenceUnitInfo [name: default]
2021-11-08 15:27:17.759  INFO 66175 --- [           main] org.hibernate.Version                    : HHH000412: Hibernate ORM core version 5.4.32.Final
2021-11-08 15:27:17.894  INFO 66175 --- [           main] o.hibernate.annotations.common.Version   : HCANN000001: Hibernate Commons Annotations {5.1.2.Final}
2021-11-08 15:27:17.969  INFO 66175 --- [           main] com.zaxxer.hikari.HikariDataSource       : HikariPool-1 - Starting...
2021-11-08 15:27:18.364  INFO 66175 --- [           main] com.zaxxer.hikari.HikariDataSource       : HikariPool-1 - Start completed.
2021-11-08 15:27:18.376  INFO 66175 --- [           main] org.hibernate.dialect.Dialect            : HHH000400: Using dialect: org.hibernate.dialect.MySQL5Dialect
Hibernate: 
    
    alter table enrollment 
       add constraint FKfw08eu2wvghmqseod575yv1pd 
       foreign key (activity_id) 
       references activity (activity_id)
Hibernate: 
    
    alter table enrollment 
       add constraint FKgpuyid9pbfpxghv9vyhb0ictd 
       foreign key (user_id) 
       references user (user_id)
Hibernate: 
    
    alter table user_report_report_type 
       add constraint FK2fdp3p7khp2psf0kyrkpm7rgd 
       foreign key (report_type_report_type_id) 
       references report_type (report_type_id)
Hibernate: 
    
    alter table user_report_report_type 
       add constraint FKjkfphk9ycr052640atowp41f3 
       foreign key (user_report_report_id) 
       references user_report (report_id)
2021-11-08 15:27:19.037  INFO 66175 --- [           main] o.h.e.t.j.p.i.JtaPlatformInitiator       : HHH000490: Using JtaPlatform implementation: [org.hibernate.engine.transaction.jta.platform.internal.NoJtaPlatform]
2021-11-08 15:27:19.049  INFO 66175 --- [           main] j.LocalContainerEntityManagerFactoryBean : Initialized JPA EntityManagerFactory for persistence unit 'default'
2021-11-08 15:27:19.589  WARN 66175 --- [           main] JpaBaseConfiguration$JpaWebConfiguration : spring.jpa.open-in-view is enabled by default. Therefore, database queries may be performed during view rendering. Explicitly configure spring.jpa.open-in-view to disable this warning
2021-11-08 15:27:20.584  INFO 66175 --- [           main] o.s.s.web.DefaultSecurityFilterChain     : Will secure any request with [org.springframework.security.web.context.request.async.WebAsyncManagerIntegrationFilter@3b9c05f, org.springframework.security.web.context.SecurityContextPersistenceFilter@2e51ede1, org.springframework.security.web.header.HeaderWriterFilter@10df1f34, org.springframework.web.filter.CorsFilter@288915a1, org.springframework.security.web.authentication.logout.LogoutFilter@24fc9aa5, com.group3sc2.cyactivity.filter.JWTAuthorizationFilter@4258106, org.springframework.security.web.savedrequest.RequestCacheAwareFilter@67730dab, org.springframework.security.web.servletapi.SecurityContextHolderAwareRequestFilter@489b7559, org.springframework.security.web.authentication.AnonymousAuthenticationFilter@62a6a47e, org.springframework.security.web.session.SessionManagementFilter@3f5e64c9, org.springframework.security.web.access.ExceptionTranslationFilter@3220833f, org.springframework.security.web.access.intercept.FilterSecurityInterceptor@2a9f7572]
2021-11-08 15:27:21.013  INFO 66175 --- [           main] c.g.c.r.ReportTypeRepositoryTest         : Started ReportTypeRepositoryTest in 4.808 seconds (JVM running for 5.547)
]]></system-out>
  </testcase>
  <testcase name="editReportType{String, long}" classname="com.group3sc2.cyactivity.repository.ReportTypeRepositoryTest" time="0.002">
    <error message="No ParameterResolver registered for parameter [java.lang.String title] in method [public void com.group3sc2.cyactivity.repository.ReportTypeRepositoryTest.editReportType(java.lang.String,long)]." type="org.junit.jupiter.api.extension.ParameterResolutionException">org.junit.jupiter.api.extension.ParameterResolutionException: No ParameterResolver registered for parameter [java.lang.String title] in method [public void com.group3sc2.cyactivity.repository.ReportTypeRepositoryTest.editReportType(java.lang.String,long)].
</error>
  </testcase>
</testsuite>